<?xml version="1.0" encoding="UTF-8"?>
<testng-results ignored="0" total="1" passed="1" failed="0" skipped="0">
  <reporter-output>
  </reporter-output>
  <suite started-at="2025-05-12T17:41:48 IST" name="Default suite" finished-at="2025-05-12T17:41:50 IST" duration-ms="2730">
    <groups>
    </groups>
    <test started-at="2025-05-12T17:41:48 IST" name="Default test" finished-at="2025-05-12T17:41:50 IST" duration-ms="2730">
      <class name="Restassured.restapitestings.ReqresGetRequestTesting">
        <test-method signature="get_Request_Validations()[pri:0, instance:Restassured.restapitestings.ReqresGetRequestTesting@41a0aa7d]" started-at="2025-05-12T17:41:48 IST" name="get_Request_Validations" finished-at="2025-05-12T17:41:50 IST" duration-ms="2682" status="PASS">
          <reporter-output>
          </reporter-output>
        </test-method> <!-- get_Request_Validations -->
      </class> <!-- Restassured.restapitestings.ReqresGetRequestTesting -->
    </test> <!-- Default test -->
  </suite> <!-- Default suite -->
</testng-results>
