<?xml version="1.0" encoding="UTF-8"?>
<testng-results ignored="0" total="1" passed="1" failed="0" skipped="0">
  <reporter-output>
  </reporter-output>
  <suite started-at="2025-05-14T16:59:46 IST" name="Default suite" finished-at="2025-05-14T16:59:48 IST" duration-ms="2404">
    <groups>
    </groups>
    <test started-at="2025-05-14T16:59:46 IST" name="Default test" finished-at="2025-05-14T16:59:48 IST" duration-ms="2404">
      <class name="Restassured.restapitestings.ReqresPatchReqTesting">
        <test-method signature="reqres_PATCH_Request_validations()[pri:0, instance:Restassured.restapitestings.ReqresPatchReqTesting@4686afc2]" started-at="2025-05-14T16:59:46 IST" name="reqres_PATCH_Request_validations" finished-at="2025-05-14T16:59:48 IST" duration-ms="2366" status="PASS">
          <reporter-output>
          </reporter-output>
        </test-method> <!-- reqres_PATCH_Request_validations -->
      </class> <!-- Restassured.restapitestings.ReqresPatchReqTesting -->
    </test> <!-- Default test -->
  </suite> <!-- Default suite -->
</testng-results>
